
*** Running vivado
    with args -log CenterController.vds -m64 -product Vivado -mode batch -messageDb vivado.pb -notrace -source CenterController.tcl



****** Vivado v2021.1 (64-bit)
  **** SW Build 3247384 on Thu Jun 10 19:36:33 MDT 2021
  **** IP Build 3246043 on Fri Jun 11 00:30:35 MDT 2021
    ** Copyright 1986-2021 Xilinx, Inc. All Rights Reserved.

source CenterController.tcl -notrace
INFO: [IP_Flow 19-234] Refreshing IP repositories
INFO: [IP_Flow 19-1700] Loaded user IP repository 'd:/VProject/ipcore'.
INFO: [IP_Flow 19-1700] Loaded user IP repository 'd:/VProject/mc'.
INFO: [IP_Flow 19-1700] Loaded user IP repository 'd:/VProject/divClk'.
INFO: [IP_Flow 19-2313] Loaded Vivado IP repository 'D:/Xilinx/Vivado/2021.1/data/ip'.
Command: synth_design -top CenterController -part xc7a35tcsg324-3
Starting synth_design
Attempting to get a license for feature 'Synthesis' and/or device 'xc7a35t'
INFO: [Common 17-349] Got license for feature 'Synthesis' and/or device 'xc7a35t'
INFO: [Device 21-403] Loading part xc7a35tcsg324-3
INFO: [Synth 8-7079] Multithreading enabled for synth_design using a maximum of 2 processes.
INFO: [Synth 8-7078] Launching helper process for spawning children vivado processes
INFO: [Synth 8-7075] Helper process launched with PID 16492
WARNING: [Synth 8-2254] instance name 'led' matches net/port name [D:/VProject/Carlight/Carlight.srcs/sources_1/new/CenterController.v:42]
---------------------------------------------------------------------------------
Starting RTL Elaboration : Time (s): cpu = 00:00:03 ; elapsed = 00:00:04 . Memory (MB): peak = 1135.633 ; gain = 0.000
---------------------------------------------------------------------------------
INFO: [Synth 8-6157] synthesizing module 'CenterController' [D:/VProject/Carlight/Carlight.srcs/sources_1/new/CenterController.v:23]
INFO: [Synth 8-6157] synthesizing module 'divClk_0' [D:/VProject/Carlight/Carlight.runs/synth_1/.Xil/Vivado-14532-MateBook14/realtime/divClk_0_stub.v:6]
INFO: [Synth 8-6155] done synthesizing module 'divClk_0' (1#1) [D:/VProject/Carlight/Carlight.runs/synth_1/.Xil/Vivado-14532-MateBook14/realtime/divClk_0_stub.v:6]
INFO: [Synth 8-6157] synthesizing module 'mc_0' [D:/VProject/Carlight/Carlight.runs/synth_1/.Xil/Vivado-14532-MateBook14/realtime/mc_0_stub.v:6]
INFO: [Synth 8-6155] done synthesizing module 'mc_0' (2#1) [D:/VProject/Carlight/Carlight.runs/synth_1/.Xil/Vivado-14532-MateBook14/realtime/mc_0_stub.v:6]
INFO: [Synth 8-6157] synthesizing module 'led_0' [D:/VProject/Carlight/Carlight.runs/synth_1/.Xil/Vivado-14532-MateBook14/realtime/led_0_stub.v:6]
INFO: [Synth 8-6155] done synthesizing module 'led_0' (3#1) [D:/VProject/Carlight/Carlight.runs/synth_1/.Xil/Vivado-14532-MateBook14/realtime/led_0_stub.v:6]
INFO: [Synth 8-6157] synthesizing module 'number_0' [D:/VProject/Carlight/Carlight.runs/synth_1/.Xil/Vivado-14532-MateBook14/realtime/number_0_stub.v:6]
INFO: [Synth 8-6155] done synthesizing module 'number_0' (4#1) [D:/VProject/Carlight/Carlight.runs/synth_1/.Xil/Vivado-14532-MateBook14/realtime/number_0_stub.v:6]
INFO: [Synth 8-6155] done synthesizing module 'CenterController' (5#1) [D:/VProject/Carlight/Carlight.srcs/sources_1/new/CenterController.v:23]
---------------------------------------------------------------------------------
Finished RTL Elaboration : Time (s): cpu = 00:00:04 ; elapsed = 00:00:05 . Memory (MB): peak = 1135.633 ; gain = 0.000
---------------------------------------------------------------------------------
---------------------------------------------------------------------------------
Start Handling Custom Attributes
---------------------------------------------------------------------------------
---------------------------------------------------------------------------------
Finished Handling Custom Attributes : Time (s): cpu = 00:00:04 ; elapsed = 00:00:05 . Memory (MB): peak = 1135.633 ; gain = 0.000
---------------------------------------------------------------------------------
---------------------------------------------------------------------------------
Finished RTL Optimization Phase 1 : Time (s): cpu = 00:00:04 ; elapsed = 00:00:05 . Memory (MB): peak = 1135.633 ; gain = 0.000
---------------------------------------------------------------------------------
Netlist sorting complete. Time (s): cpu = 00:00:00 ; elapsed = 00:00:00 . Memory (MB): peak = 1135.633 ; gain = 0.000
INFO: [Project 1-570] Preparing netlist for logic optimization

Processing XDC Constraints
Initializing timing engine
Parsing XDC File [d:/VProject/Carlight/Carlight.gen/sources_1/ip/mc_0_2/mc_0/mc_0_in_context.xdc] for cell 'mc'
Finished Parsing XDC File [d:/VProject/Carlight/Carlight.gen/sources_1/ip/mc_0_2/mc_0/mc_0_in_context.xdc] for cell 'mc'
Parsing XDC File [d:/VProject/Carlight/Carlight.gen/sources_1/ip/divClk_0/divClk_0/divClk_0_in_context.xdc] for cell 'divClk'
Finished Parsing XDC File [d:/VProject/Carlight/Carlight.gen/sources_1/ip/divClk_0/divClk_0/divClk_0_in_context.xdc] for cell 'divClk'
Parsing XDC File [d:/VProject/Carlight/Carlight.gen/sources_1/ip/number_0_2/number_0/number_0_in_context.xdc] for cell 'number'
Finished Parsing XDC File [d:/VProject/Carlight/Carlight.gen/sources_1/ip/number_0_2/number_0/number_0_in_context.xdc] for cell 'number'
Parsing XDC File [d:/VProject/Carlight/Carlight.gen/sources_1/ip/led_0_6/led_0/led_0_in_context.xdc] for cell 'led__0'
Finished Parsing XDC File [d:/VProject/Carlight/Carlight.gen/sources_1/ip/led_0_6/led_0/led_0_in_context.xdc] for cell 'led__0'
Parsing XDC File [D:/VProject/Carlight/Carlight.srcs/constrs_1/new/con_carLight.xdc]
Finished Parsing XDC File [D:/VProject/Carlight/Carlight.srcs/constrs_1/new/con_carLight.xdc]
INFO: [Project 1-236] Implementation specific constraints were found while reading constraint file [D:/VProject/Carlight/Carlight.srcs/constrs_1/new/con_carLight.xdc]. These constraints will be ignored for synthesis but will be used in implementation. Impacted constraints are listed in the file [.Xil/CenterController_propImpl.xdc].
Resolution: To avoid this warning, move constraints listed in [.Xil/CenterController_propImpl.xdc] to another XDC file and exclude this new file from synthesis with the used_in_synthesis property (File Properties dialog in GUI) and re-run elaboration/synthesis.
Parsing XDC File [D:/VProject/Carlight/Carlight.runs/synth_1/dont_touch.xdc]
Finished Parsing XDC File [D:/VProject/Carlight/Carlight.runs/synth_1/dont_touch.xdc]
Completed Processing XDC Constraints

Netlist sorting complete. Time (s): cpu = 00:00:00 ; elapsed = 00:00:00 . Memory (MB): peak = 1135.633 ; gain = 0.000
INFO: [Project 1-111] Unisim Transformation Summary:
No Unisim elements were transformed.

Constraint Validation Runtime : Time (s): cpu = 00:00:00 ; elapsed = 00:00:00.003 . Memory (MB): peak = 1135.633 ; gain = 0.000
---------------------------------------------------------------------------------
Finished Constraint Validation : Time (s): cpu = 00:00:10 ; elapsed = 00:00:10 . Memory (MB): peak = 1135.633 ; gain = 0.000
---------------------------------------------------------------------------------
---------------------------------------------------------------------------------
Start Loading Part and Timing Information
---------------------------------------------------------------------------------
Loading part: xc7a35tcsg324-3
---------------------------------------------------------------------------------
Finished Loading Part and Timing Information : Time (s): cpu = 00:00:10 ; elapsed = 00:00:10 . Memory (MB): peak = 1135.633 ; gain = 0.000
---------------------------------------------------------------------------------
---------------------------------------------------------------------------------
Start Applying 'set_property' XDC Constraints
---------------------------------------------------------------------------------
Applied set_property KEEP_HIERARCHY = SOFT for mc. (constraint file  auto generated constraint).
Applied set_property KEEP_HIERARCHY = SOFT for divClk. (constraint file  auto generated constraint).
Applied set_property KEEP_HIERARCHY = SOFT for number. (constraint file  auto generated constraint).
---------------------------------------------------------------------------------
Finished applying 'set_property' XDC Constraints : Time (s): cpu = 00:00:10 ; elapsed = 00:00:10 . Memory (MB): peak = 1135.633 ; gain = 0.000
---------------------------------------------------------------------------------
---------------------------------------------------------------------------------
Finished RTL Optimization Phase 2 : Time (s): cpu = 00:00:10 ; elapsed = 00:00:11 . Memory (MB): peak = 1135.633 ; gain = 0.000
---------------------------------------------------------------------------------
---------------------------------------------------------------------------------
Start RTL Component Statistics 
---------------------------------------------------------------------------------
Detailed RTL Component Info : 
+---Muxes : 
	   8 Input    1 Bit        Muxes := 3     
---------------------------------------------------------------------------------
Finished RTL Component Statistics 
---------------------------------------------------------------------------------
---------------------------------------------------------------------------------
Start Part Resource Summary
---------------------------------------------------------------------------------
Part Resources:
DSPs: 90 (col length:60)
BRAMs: 100 (col length: RAMB18 60 RAMB36 30)
---------------------------------------------------------------------------------
Finished Part Resource Summary
---------------------------------------------------------------------------------
---------------------------------------------------------------------------------
Start Cross Boundary and Area Optimization
---------------------------------------------------------------------------------
---------------------------------------------------------------------------------
Finished Cross Boundary and Area Optimization : Time (s): cpu = 00:00:11 ; elapsed = 00:00:12 . Memory (MB): peak = 1135.633 ; gain = 0.000
---------------------------------------------------------------------------------
---------------------------------------------------------------------------------
Start Applying XDC Timing Constraints
---------------------------------------------------------------------------------
---------------------------------------------------------------------------------
Finished Applying XDC Timing Constraints : Time (s): cpu = 00:00:16 ; elapsed = 00:00:17 . Memory (MB): peak = 1135.633 ; gain = 0.000
---------------------------------------------------------------------------------
---------------------------------------------------------------------------------
Start Timing Optimization
---------------------------------------------------------------------------------
---------------------------------------------------------------------------------
Finished Timing Optimization : Time (s): cpu = 00:00:16 ; elapsed = 00:00:17 . Memory (MB): peak = 1135.633 ; gain = 0.000
---------------------------------------------------------------------------------
---------------------------------------------------------------------------------
Start Technology Mapping
---------------------------------------------------------------------------------
---------------------------------------------------------------------------------
Finished Technology Mapping : Time (s): cpu = 00:00:16 ; elapsed = 00:00:17 . Memory (MB): peak = 1135.633 ; gain = 0.000
---------------------------------------------------------------------------------
---------------------------------------------------------------------------------
Start IO Insertion
---------------------------------------------------------------------------------
---------------------------------------------------------------------------------
Start Flattening Before IO Insertion
---------------------------------------------------------------------------------
---------------------------------------------------------------------------------
Finished Flattening Before IO Insertion
---------------------------------------------------------------------------------
---------------------------------------------------------------------------------
Start Final Netlist Cleanup
---------------------------------------------------------------------------------
---------------------------------------------------------------------------------
Finished Final Netlist Cleanup
---------------------------------------------------------------------------------
---------------------------------------------------------------------------------
Finished IO Insertion : Time (s): cpu = 00:00:19 ; elapsed = 00:00:20 . Memory (MB): peak = 1135.633 ; gain = 0.000
---------------------------------------------------------------------------------
---------------------------------------------------------------------------------
Start Renaming Generated Instances
---------------------------------------------------------------------------------
---------------------------------------------------------------------------------
Finished Renaming Generated Instances : Time (s): cpu = 00:00:19 ; elapsed = 00:00:20 . Memory (MB): peak = 1135.633 ; gain = 0.000
---------------------------------------------------------------------------------
---------------------------------------------------------------------------------
Start Rebuilding User Hierarchy
---------------------------------------------------------------------------------
---------------------------------------------------------------------------------
Finished Rebuilding User Hierarchy : Time (s): cpu = 00:00:19 ; elapsed = 00:00:20 . Memory (MB): peak = 1135.633 ; gain = 0.000
---------------------------------------------------------------------------------
---------------------------------------------------------------------------------
Start Renaming Generated Ports
---------------------------------------------------------------------------------
---------------------------------------------------------------------------------
Finished Renaming Generated Ports : Time (s): cpu = 00:00:19 ; elapsed = 00:00:20 . Memory (MB): peak = 1135.633 ; gain = 0.000
---------------------------------------------------------------------------------
---------------------------------------------------------------------------------
Start Handling Custom Attributes
---------------------------------------------------------------------------------
---------------------------------------------------------------------------------
Finished Handling Custom Attributes : Time (s): cpu = 00:00:19 ; elapsed = 00:00:20 . Memory (MB): peak = 1135.633 ; gain = 0.000
---------------------------------------------------------------------------------
---------------------------------------------------------------------------------
Start Renaming Generated Nets
---------------------------------------------------------------------------------
---------------------------------------------------------------------------------
Finished Renaming Generated Nets : Time (s): cpu = 00:00:19 ; elapsed = 00:00:20 . Memory (MB): peak = 1135.633 ; gain = 0.000
---------------------------------------------------------------------------------
---------------------------------------------------------------------------------
Start Writing Synthesis Report
---------------------------------------------------------------------------------

Report BlackBoxes: 
+------+--------------+----------+
|      |BlackBox name |Instances |
+------+--------------+----------+
|1     |divClk_0      |         1|
|2     |mc_0          |         1|
|3     |led_0         |         1|
|4     |number_0      |         1|
+------+--------------+----------+

Report Cell Usage: 
+------+-------+------+
|      |Cell   |Count |
+------+-------+------+
|1     |divClk |     1|
|2     |led    |     1|
|3     |mc     |     1|
|4     |number |     1|
|5     |LUT3   |     3|
|6     |IBUF   |     6|
|7     |OBUF   |    22|
+------+-------+------+
---------------------------------------------------------------------------------
Finished Writing Synthesis Report : Time (s): cpu = 00:00:19 ; elapsed = 00:00:20 . Memory (MB): peak = 1135.633 ; gain = 0.000
---------------------------------------------------------------------------------
Synthesis finished with 0 errors, 0 critical warnings and 0 warnings.
Synthesis Optimization Runtime : Time (s): cpu = 00:00:13 ; elapsed = 00:00:18 . Memory (MB): peak = 1135.633 ; gain = 0.000
Synthesis Optimization Complete : Time (s): cpu = 00:00:19 ; elapsed = 00:00:20 . Memory (MB): peak = 1135.633 ; gain = 0.000
INFO: [Project 1-571] Translating synthesized netlist
Netlist sorting complete. Time (s): cpu = 00:00:00 ; elapsed = 00:00:00 . Memory (MB): peak = 1135.633 ; gain = 0.000
INFO: [Project 1-570] Preparing netlist for logic optimization
INFO: [Opt 31-138] Pushed 0 inverter(s) to 0 load pin(s).
Netlist sorting complete. Time (s): cpu = 00:00:00 ; elapsed = 00:00:00 . Memory (MB): peak = 1135.633 ; gain = 0.000
INFO: [Project 1-111] Unisim Transformation Summary:
No Unisim elements were transformed.

Synth Design complete, checksum: 2b2eab44
INFO: [Common 17-83] Releasing license: Synthesis
28 Infos, 1 Warnings, 0 Critical Warnings and 0 Errors encountered.
synth_design completed successfully
synth_design: Time (s): cpu = 00:00:23 ; elapsed = 00:00:24 . Memory (MB): peak = 1135.633 ; gain = 0.000
INFO: [Common 17-1381] The checkpoint 'D:/VProject/Carlight/Carlight.runs/synth_1/CenterController.dcp' has been generated.
INFO: [runtcl-4] Executing : report_utilization -file CenterController_utilization_synth.rpt -pb CenterController_utilization_synth.pb
INFO: [Common 17-206] Exiting Vivado at Wed Dec  1 17:34:32 2021...
