#-----------------------------------------------------------
# Vivado v2021.1 (64-bit)
# SW Build 3247384 on Thu Jun 10 19:36:33 MDT 2021
# IP Build 3246043 on Fri Jun 11 00:30:35 MDT 2021
# Start of session at: Tue Oct 26 19:20:04 2021
# Process ID: 12588
# Current directory: D:/VProject/D_trigger
# Command line: vivado.exe -gui_launcher_event rodinguilauncherevent15996 D:\VProject\D_trigger\D_trigger.xpr
# Log file: D:/VProject/D_trigger/vivado.log
# Journal file: D:/VProject/D_trigger\vivado.jou
#-----------------------------------------------------------
start_gui
open_project D:/VProject/D_trigger/D_trigger.xpr
WARNING: [filemgmt 56-3] Default IP Output Path : Could not find the directory 'D:/VProject/D_trigger/D_trigger.gen/sources_1'.
Scanning sources...
Finished scanning sources
INFO: [IP_Flow 19-234] Refreshing IP repositories
INFO: [IP_Flow 19-1704] No user IP repositories specified
INFO: [IP_Flow 19-2313] Loaded Vivado IP repository 'D:/Xilinx/Vivado/2021.1/data/ip'.
open_project: Time (s): cpu = 00:00:21 ; elapsed = 00:00:07 . Memory (MB): peak = 1133.062 ; gain = 0.000
update_compile_order -fileset sources_1
exit
INFO: [Common 17-206] Exiting Vivado at Tue Oct 26 19:21:02 2021...
